<?xml version="1.0" encoding="UTF-8"?>
<!-- Generated by org.testng.reporters.JUnitReportReporter -->
<testsuite hostname="WIN-M0MKCRCRNUL" failures="0" tests="1" name="remoteTesting.dockerValidation.StartDocker" time="12.947" errors="0" timestamp="2019-12-29T20:33:51 MSK" skipped="0">
  <testcase classname="remoteTesting.dockerValidation.StartDocker" name="startFile" time="12.947"/>
</testsuite> <!-- remoteTesting.dockerValidation.StartDocker -->
