<?xml version="1.0" encoding="UTF-8"?>
<!-- Generated by org.testng.reporters.JUnitReportReporter -->
<testsuite hostname="WIN-M0MKCRCRNUL" failures="0" tests="1" name="remoteTesting.dockerValidation.ChromeTest3" time="21.140" errors="0" timestamp="2019-12-29T21:08:36 MSK" skipped="0">
  <testcase classname="remoteTesting.dockerValidation.ChromeTest3" name="test3" time="21.140"/>
</testsuite> <!-- remoteTesting.dockerValidation.ChromeTest3 -->
