<?xml version="1.0" encoding="UTF-8"?>
<!-- Generated by org.testng.reporters.JUnitReportReporter -->
<testsuite hostname="WIN-M0MKCRCRNUL" failures="0" tests="1" name="remoteTesting.dockerValidation.ChromeTest1" time="8.747" errors="0" timestamp="2019-12-29T21:08:36 MSK" skipped="0">
  <testcase classname="remoteTesting.dockerValidation.ChromeTest1" name="test1" time="8.747"/>
</testsuite> <!-- remoteTesting.dockerValidation.ChromeTest1 -->
